2015-01-29 16:07:26 - PHP Notice:  Undefined variable: categories in D:\xampp\htdocs\intimiti_cn\catalog\view\theme\intimiti\template\common\footer.tpl on line 5
2015-01-29 16:07:26 - PHP Notice:  Undefined variable: categories in D:\xampp\htdocs\intimiti_cn\catalog\view\theme\intimiti\template\common\footer.tpl on line 7
2015-01-29 16:07:26 - PHP Notice:  Undefined variable: categories in D:\xampp\htdocs\intimiti_cn\catalog\view\theme\intimiti\template\common\footer.tpl on line 7
2015-01-29 16:07:26 - PHP Notice:  Undefined variable: categories in D:\xampp\htdocs\intimiti_cn\catalog\view\theme\intimiti\template\common\footer.tpl on line 7
2015-01-29 16:07:26 - PHP Warning:  Division by zero in D:\xampp\htdocs\intimiti_cn\catalog\view\theme\intimiti\template\common\footer.tpl on line 7
2015-01-29 16:07:26 - PHP Warning:  array_chunk() expects parameter 1 to be array, null given in D:\xampp\htdocs\intimiti_cn\catalog\view\theme\intimiti\template\common\footer.tpl on line 7
2015-01-29 16:07:26 - PHP Warning:  Invalid argument supplied for foreach() in D:\xampp\htdocs\intimiti_cn\catalog\view\theme\intimiti\template\common\footer.tpl on line 7
2015-01-29 16:09:01 - PHP Notice:  Undefined variable: categories in D:\xampp\htdocs\intimiti_cn\catalog\view\theme\intimiti\template\common\footer.tpl on line 5
2015-01-29 16:09:01 - PHP Notice:  Undefined variable: categories in D:\xampp\htdocs\intimiti_cn\catalog\view\theme\intimiti\template\common\footer.tpl on line 7
2015-01-29 16:09:01 - PHP Notice:  Undefined variable: categories in D:\xampp\htdocs\intimiti_cn\catalog\view\theme\intimiti\template\common\footer.tpl on line 7
2015-01-29 16:09:01 - PHP Notice:  Undefined variable: categories in D:\xampp\htdocs\intimiti_cn\catalog\view\theme\intimiti\template\common\footer.tpl on line 7
2015-01-29 16:09:01 - PHP Warning:  Division by zero in D:\xampp\htdocs\intimiti_cn\catalog\view\theme\intimiti\template\common\footer.tpl on line 7
2015-01-29 16:09:01 - PHP Warning:  array_chunk() expects parameter 1 to be array, null given in D:\xampp\htdocs\intimiti_cn\catalog\view\theme\intimiti\template\common\footer.tpl on line 7
2015-01-29 16:09:01 - PHP Warning:  Invalid argument supplied for foreach() in D:\xampp\htdocs\intimiti_cn\catalog\view\theme\intimiti\template\common\footer.tpl on line 7
2015-01-29 17:29:12 - PHP Notice:  Undefined variable: categories in D:\xampp\htdocs\intimiti_cn\catalog\view\theme\intimiti\template\common\footer.tpl on line 5
2015-01-29 17:29:12 - PHP Notice:  Undefined variable: categories in D:\xampp\htdocs\intimiti_cn\catalog\view\theme\intimiti\template\common\footer.tpl on line 7
2015-01-29 17:29:12 - PHP Notice:  Undefined variable: categories in D:\xampp\htdocs\intimiti_cn\catalog\view\theme\intimiti\template\common\footer.tpl on line 7
2015-01-29 17:29:12 - PHP Notice:  Undefined variable: categories in D:\xampp\htdocs\intimiti_cn\catalog\view\theme\intimiti\template\common\footer.tpl on line 7
2015-01-29 17:29:12 - PHP Warning:  Division by zero in D:\xampp\htdocs\intimiti_cn\catalog\view\theme\intimiti\template\common\footer.tpl on line 7
2015-01-29 17:29:12 - PHP Warning:  array_chunk() expects parameter 1 to be array, null given in D:\xampp\htdocs\intimiti_cn\catalog\view\theme\intimiti\template\common\footer.tpl on line 7
2015-01-29 17:29:12 - PHP Warning:  Invalid argument supplied for foreach() in D:\xampp\htdocs\intimiti_cn\catalog\view\theme\intimiti\template\common\footer.tpl on line 7
2015-01-29 17:46:49 - PHP Notice:  Undefined variable: categories in D:\xampp\htdocs\intimiti_cn\catalog\view\theme\intimiti\template\common\footer.tpl on line 5
2015-01-29 17:46:49 - PHP Notice:  Undefined variable: categories in D:\xampp\htdocs\intimiti_cn\catalog\view\theme\intimiti\template\common\footer.tpl on line 7
2015-01-29 17:46:49 - PHP Notice:  Undefined variable: categories in D:\xampp\htdocs\intimiti_cn\catalog\view\theme\intimiti\template\common\footer.tpl on line 7
2015-01-29 17:46:49 - PHP Notice:  Undefined variable: categories in D:\xampp\htdocs\intimiti_cn\catalog\view\theme\intimiti\template\common\footer.tpl on line 7
2015-01-29 17:46:49 - PHP Warning:  Division by zero in D:\xampp\htdocs\intimiti_cn\catalog\view\theme\intimiti\template\common\footer.tpl on line 7
2015-01-29 17:46:49 - PHP Warning:  array_chunk() expects parameter 1 to be array, null given in D:\xampp\htdocs\intimiti_cn\catalog\view\theme\intimiti\template\common\footer.tpl on line 7
2015-01-29 17:46:49 - PHP Warning:  Invalid argument supplied for foreach() in D:\xampp\htdocs\intimiti_cn\catalog\view\theme\intimiti\template\common\footer.tpl on line 7
2015-01-29 18:31:19 - PHP Notice:  Undefined variable: categories in D:\xampp\htdocs\intimiti_cn\catalog\view\theme\intimiti\template\common\footer.tpl on line 5
2015-01-29 18:31:19 - PHP Notice:  Undefined variable: categories in D:\xampp\htdocs\intimiti_cn\catalog\view\theme\intimiti\template\common\footer.tpl on line 7
2015-01-29 18:31:19 - PHP Notice:  Undefined variable: categories in D:\xampp\htdocs\intimiti_cn\catalog\view\theme\intimiti\template\common\footer.tpl on line 7
2015-01-29 18:31:19 - PHP Notice:  Undefined variable: categories in D:\xampp\htdocs\intimiti_cn\catalog\view\theme\intimiti\template\common\footer.tpl on line 7
2015-01-29 18:31:19 - PHP Warning:  Division by zero in D:\xampp\htdocs\intimiti_cn\catalog\view\theme\intimiti\template\common\footer.tpl on line 7
2015-01-29 18:31:19 - PHP Warning:  array_chunk() expects parameter 1 to be array, null given in D:\xampp\htdocs\intimiti_cn\catalog\view\theme\intimiti\template\common\footer.tpl on line 7
2015-01-29 18:31:19 - PHP Warning:  Invalid argument supplied for foreach() in D:\xampp\htdocs\intimiti_cn\catalog\view\theme\intimiti\template\common\footer.tpl on line 7
2015-01-29 18:35:13 - PHP Notice:  Undefined variable: categories in D:\xampp\htdocs\intimiti_cn\catalog\view\theme\intimiti\template\common\footer.tpl on line 5
2015-01-29 18:35:13 - PHP Notice:  Undefined variable: categories in D:\xampp\htdocs\intimiti_cn\catalog\view\theme\intimiti\template\common\footer.tpl on line 7
2015-01-29 18:35:13 - PHP Notice:  Undefined variable: categories in D:\xampp\htdocs\intimiti_cn\catalog\view\theme\intimiti\template\common\footer.tpl on line 7
2015-01-29 18:35:13 - PHP Notice:  Undefined variable: categories in D:\xampp\htdocs\intimiti_cn\catalog\view\theme\intimiti\template\common\footer.tpl on line 7
2015-01-29 18:35:13 - PHP Warning:  Division by zero in D:\xampp\htdocs\intimiti_cn\catalog\view\theme\intimiti\template\common\footer.tpl on line 7
2015-01-29 18:35:13 - PHP Warning:  array_chunk() expects parameter 1 to be array, null given in D:\xampp\htdocs\intimiti_cn\catalog\view\theme\intimiti\template\common\footer.tpl on line 7
2015-01-29 18:35:13 - PHP Warning:  Invalid argument supplied for foreach() in D:\xampp\htdocs\intimiti_cn\catalog\view\theme\intimiti\template\common\footer.tpl on line 7
2015-01-29 18:35:13 - PHP Notice:  Undefined variable: informations in D:\xampp\htdocs\intimiti_cn\catalog\view\theme\intimiti\template\common\header.tpl on line 125
2015-01-29 18:35:13 - PHP Notice:  Undefined variable: informations in D:\xampp\htdocs\intimiti_cn\catalog\view\theme\intimiti\template\common\header.tpl on line 125
2015-01-29 18:35:13 - PHP Notice:  Undefined variable: text_contact in D:\xampp\htdocs\intimiti_cn\catalog\view\theme\intimiti\template\common\header.tpl on line 126
2015-01-29 18:35:17 - PHP Notice:  Undefined variable: categories in D:\xampp\htdocs\intimiti_cn\catalog\view\theme\intimiti\template\common\footer.tpl on line 5
2015-01-29 18:35:17 - PHP Notice:  Undefined variable: categories in D:\xampp\htdocs\intimiti_cn\catalog\view\theme\intimiti\template\common\footer.tpl on line 7
2015-01-29 18:35:17 - PHP Notice:  Undefined variable: categories in D:\xampp\htdocs\intimiti_cn\catalog\view\theme\intimiti\template\common\footer.tpl on line 7
2015-01-29 18:35:17 - PHP Notice:  Undefined variable: categories in D:\xampp\htdocs\intimiti_cn\catalog\view\theme\intimiti\template\common\footer.tpl on line 7
2015-01-29 18:35:17 - PHP Warning:  Division by zero in D:\xampp\htdocs\intimiti_cn\catalog\view\theme\intimiti\template\common\footer.tpl on line 7
2015-01-29 18:35:17 - PHP Warning:  array_chunk() expects parameter 1 to be array, null given in D:\xampp\htdocs\intimiti_cn\catalog\view\theme\intimiti\template\common\footer.tpl on line 7
2015-01-29 18:35:17 - PHP Warning:  Invalid argument supplied for foreach() in D:\xampp\htdocs\intimiti_cn\catalog\view\theme\intimiti\template\common\footer.tpl on line 7
2015-01-29 18:35:18 - PHP Notice:  Undefined variable: informations in D:\xampp\htdocs\intimiti_cn\catalog\view\theme\intimiti\template\common\header.tpl on line 125
2015-01-29 18:35:18 - PHP Notice:  Undefined variable: informations in D:\xampp\htdocs\intimiti_cn\catalog\view\theme\intimiti\template\common\header.tpl on line 125
2015-01-29 18:35:18 - PHP Notice:  Undefined variable: text_contact in D:\xampp\htdocs\intimiti_cn\catalog\view\theme\intimiti\template\common\header.tpl on line 126
2015-01-29 18:35:39 - PHP Notice:  Undefined variable: categories in D:\xampp\htdocs\intimiti_cn\catalog\view\theme\intimiti\template\common\footer.tpl on line 5
2015-01-29 18:35:39 - PHP Notice:  Undefined variable: categories in D:\xampp\htdocs\intimiti_cn\catalog\view\theme\intimiti\template\common\footer.tpl on line 7
2015-01-29 18:35:39 - PHP Notice:  Undefined variable: categories in D:\xampp\htdocs\intimiti_cn\catalog\view\theme\intimiti\template\common\footer.tpl on line 7
2015-01-29 18:35:39 - PHP Notice:  Undefined variable: categories in D:\xampp\htdocs\intimiti_cn\catalog\view\theme\intimiti\template\common\footer.tpl on line 7
2015-01-29 18:35:39 - PHP Warning:  Division by zero in D:\xampp\htdocs\intimiti_cn\catalog\view\theme\intimiti\template\common\footer.tpl on line 7
2015-01-29 18:35:39 - PHP Warning:  array_chunk() expects parameter 1 to be array, null given in D:\xampp\htdocs\intimiti_cn\catalog\view\theme\intimiti\template\common\footer.tpl on line 7
2015-01-29 18:35:39 - PHP Warning:  Invalid argument supplied for foreach() in D:\xampp\htdocs\intimiti_cn\catalog\view\theme\intimiti\template\common\footer.tpl on line 7
2015-01-29 18:35:39 - PHP Notice:  Undefined variable: informations in D:\xampp\htdocs\intimiti_cn\catalog\view\theme\intimiti\template\common\header.tpl on line 125
2015-01-29 18:35:39 - PHP Notice:  Undefined variable: informations in D:\xampp\htdocs\intimiti_cn\catalog\view\theme\intimiti\template\common\header.tpl on line 125
2015-01-29 18:35:39 - PHP Notice:  Undefined variable: text_contact in D:\xampp\htdocs\intimiti_cn\catalog\view\theme\intimiti\template\common\header.tpl on line 126
2015-01-29 18:36:01 - PHP Notice:  Undefined variable: categories in D:\xampp\htdocs\intimiti_cn\catalog\view\theme\intimiti\template\common\footer.tpl on line 5
2015-01-29 18:36:01 - PHP Notice:  Undefined variable: categories in D:\xampp\htdocs\intimiti_cn\catalog\view\theme\intimiti\template\common\footer.tpl on line 7
2015-01-29 18:36:01 - PHP Notice:  Undefined variable: categories in D:\xampp\htdocs\intimiti_cn\catalog\view\theme\intimiti\template\common\footer.tpl on line 7
2015-01-29 18:36:01 - PHP Notice:  Undefined variable: categories in D:\xampp\htdocs\intimiti_cn\catalog\view\theme\intimiti\template\common\footer.tpl on line 7
2015-01-29 18:36:01 - PHP Warning:  Division by zero in D:\xampp\htdocs\intimiti_cn\catalog\view\theme\intimiti\template\common\footer.tpl on line 7
2015-01-29 18:36:01 - PHP Warning:  array_chunk() expects parameter 1 to be array, null given in D:\xampp\htdocs\intimiti_cn\catalog\view\theme\intimiti\template\common\footer.tpl on line 7
2015-01-29 18:36:01 - PHP Warning:  Invalid argument supplied for foreach() in D:\xampp\htdocs\intimiti_cn\catalog\view\theme\intimiti\template\common\footer.tpl on line 7
2015-01-29 18:36:01 - PHP Notice:  Undefined variable: informations in D:\xampp\htdocs\intimiti_cn\catalog\view\theme\intimiti\template\common\header.tpl on line 125
2015-01-29 18:36:01 - PHP Notice:  Undefined variable: informations in D:\xampp\htdocs\intimiti_cn\catalog\view\theme\intimiti\template\common\header.tpl on line 125
2015-01-29 18:36:01 - PHP Notice:  Undefined variable: text_contact in D:\xampp\htdocs\intimiti_cn\catalog\view\theme\intimiti\template\common\header.tpl on line 126
2015-01-29 18:41:56 - PHP Notice:  Undefined variable: categories in D:\xampp\htdocs\intimiti_cn\catalog\view\theme\intimiti\template\common\footer.tpl on line 5
2015-01-29 18:41:56 - PHP Notice:  Undefined variable: categories in D:\xampp\htdocs\intimiti_cn\catalog\view\theme\intimiti\template\common\footer.tpl on line 7
2015-01-29 18:41:56 - PHP Notice:  Undefined variable: categories in D:\xampp\htdocs\intimiti_cn\catalog\view\theme\intimiti\template\common\footer.tpl on line 7
2015-01-29 18:41:56 - PHP Notice:  Undefined variable: categories in D:\xampp\htdocs\intimiti_cn\catalog\view\theme\intimiti\template\common\footer.tpl on line 7
2015-01-29 18:41:56 - PHP Warning:  Division by zero in D:\xampp\htdocs\intimiti_cn\catalog\view\theme\intimiti\template\common\footer.tpl on line 7
2015-01-29 18:41:56 - PHP Warning:  array_chunk() expects parameter 1 to be array, null given in D:\xampp\htdocs\intimiti_cn\catalog\view\theme\intimiti\template\common\footer.tpl on line 7
2015-01-29 18:41:56 - PHP Warning:  Invalid argument supplied for foreach() in D:\xampp\htdocs\intimiti_cn\catalog\view\theme\intimiti\template\common\footer.tpl on line 7
2015-01-29 18:41:56 - PHP Notice:  Undefined variable: informations in D:\xampp\htdocs\intimiti_cn\catalog\view\theme\intimiti\template\common\header.tpl on line 125
2015-01-29 18:41:56 - PHP Notice:  Undefined variable: informations in D:\xampp\htdocs\intimiti_cn\catalog\view\theme\intimiti\template\common\header.tpl on line 125
2015-01-29 18:41:56 - PHP Notice:  Undefined variable: text_contact in D:\xampp\htdocs\intimiti_cn\catalog\view\theme\intimiti\template\common\header.tpl on line 126
2015-01-29 18:42:02 - PHP Notice:  Undefined variable: categories in D:\xampp\htdocs\intimiti_cn\catalog\view\theme\intimiti\template\common\footer.tpl on line 5
2015-01-29 18:42:02 - PHP Notice:  Undefined variable: categories in D:\xampp\htdocs\intimiti_cn\catalog\view\theme\intimiti\template\common\footer.tpl on line 7
2015-01-29 18:42:02 - PHP Notice:  Undefined variable: categories in D:\xampp\htdocs\intimiti_cn\catalog\view\theme\intimiti\template\common\footer.tpl on line 7
2015-01-29 18:42:02 - PHP Notice:  Undefined variable: categories in D:\xampp\htdocs\intimiti_cn\catalog\view\theme\intimiti\template\common\footer.tpl on line 7
2015-01-29 18:42:02 - PHP Warning:  Division by zero in D:\xampp\htdocs\intimiti_cn\catalog\view\theme\intimiti\template\common\footer.tpl on line 7
2015-01-29 18:42:02 - PHP Warning:  array_chunk() expects parameter 1 to be array, null given in D:\xampp\htdocs\intimiti_cn\catalog\view\theme\intimiti\template\common\footer.tpl on line 7
2015-01-29 18:42:02 - PHP Warning:  Invalid argument supplied for foreach() in D:\xampp\htdocs\intimiti_cn\catalog\view\theme\intimiti\template\common\footer.tpl on line 7
2015-01-29 18:42:02 - PHP Notice:  Undefined variable: informations in D:\xampp\htdocs\intimiti_cn\catalog\view\theme\intimiti\template\common\header.tpl on line 125
2015-01-29 18:42:02 - PHP Notice:  Undefined variable: informations in D:\xampp\htdocs\intimiti_cn\catalog\view\theme\intimiti\template\common\header.tpl on line 125
2015-01-29 18:42:02 - PHP Notice:  Undefined variable: text_contact in D:\xampp\htdocs\intimiti_cn\catalog\view\theme\intimiti\template\common\header.tpl on line 126
2015-01-29 18:42:05 - PHP Notice:  Undefined variable: categories in D:\xampp\htdocs\intimiti_cn\catalog\view\theme\intimiti\template\common\footer.tpl on line 5
2015-01-29 18:42:05 - PHP Notice:  Undefined variable: categories in D:\xampp\htdocs\intimiti_cn\catalog\view\theme\intimiti\template\common\footer.tpl on line 7
2015-01-29 18:42:05 - PHP Notice:  Undefined variable: categories in D:\xampp\htdocs\intimiti_cn\catalog\view\theme\intimiti\template\common\footer.tpl on line 7
2015-01-29 18:42:05 - PHP Notice:  Undefined variable: categories in D:\xampp\htdocs\intimiti_cn\catalog\view\theme\intimiti\template\common\footer.tpl on line 7
2015-01-29 18:42:05 - PHP Warning:  Division by zero in D:\xampp\htdocs\intimiti_cn\catalog\view\theme\intimiti\template\common\footer.tpl on line 7
2015-01-29 18:42:05 - PHP Warning:  array_chunk() expects parameter 1 to be array, null given in D:\xampp\htdocs\intimiti_cn\catalog\view\theme\intimiti\template\common\footer.tpl on line 7
2015-01-29 18:42:05 - PHP Warning:  Invalid argument supplied for foreach() in D:\xampp\htdocs\intimiti_cn\catalog\view\theme\intimiti\template\common\footer.tpl on line 7
2015-01-29 18:42:05 - PHP Notice:  Undefined variable: informations in D:\xampp\htdocs\intimiti_cn\catalog\view\theme\intimiti\template\common\header.tpl on line 125
2015-01-29 18:42:05 - PHP Notice:  Undefined variable: informations in D:\xampp\htdocs\intimiti_cn\catalog\view\theme\intimiti\template\common\header.tpl on line 125
2015-01-29 18:42:05 - PHP Notice:  Undefined variable: text_contact in D:\xampp\htdocs\intimiti_cn\catalog\view\theme\intimiti\template\common\header.tpl on line 126
2015-01-29 19:03:18 - PHP Notice:  Undefined variable: categories in D:\xampp\htdocs\intimiti_cn\catalog\view\theme\intimiti\template\common\footer.tpl on line 5
2015-01-29 19:03:18 - PHP Notice:  Undefined variable: categories in D:\xampp\htdocs\intimiti_cn\catalog\view\theme\intimiti\template\common\footer.tpl on line 7
2015-01-29 19:03:18 - PHP Notice:  Undefined variable: categories in D:\xampp\htdocs\intimiti_cn\catalog\view\theme\intimiti\template\common\footer.tpl on line 7
2015-01-29 19:03:18 - PHP Notice:  Undefined variable: categories in D:\xampp\htdocs\intimiti_cn\catalog\view\theme\intimiti\template\common\footer.tpl on line 7
2015-01-29 19:03:18 - PHP Warning:  Division by zero in D:\xampp\htdocs\intimiti_cn\catalog\view\theme\intimiti\template\common\footer.tpl on line 7
2015-01-29 19:03:18 - PHP Warning:  array_chunk() expects parameter 1 to be array, null given in D:\xampp\htdocs\intimiti_cn\catalog\view\theme\intimiti\template\common\footer.tpl on line 7
2015-01-29 19:03:18 - PHP Warning:  Invalid argument supplied for foreach() in D:\xampp\htdocs\intimiti_cn\catalog\view\theme\intimiti\template\common\footer.tpl on line 7
2015-01-29 19:03:18 - PHP Notice:  Undefined variable: informations in D:\xampp\htdocs\intimiti_cn\catalog\view\theme\intimiti\template\common\header.tpl on line 125
2015-01-29 19:03:18 - PHP Notice:  Undefined variable: informations in D:\xampp\htdocs\intimiti_cn\catalog\view\theme\intimiti\template\common\header.tpl on line 125
2015-01-29 19:03:18 - PHP Notice:  Undefined variable: text_contact in D:\xampp\htdocs\intimiti_cn\catalog\view\theme\intimiti\template\common\header.tpl on line 126
2015-01-30 11:11:10 - PHP Notice:  Undefined variable: text_follow in D:\xampp\htdocs\intimiti_cn\catalog\view\theme\intimiti\template\common\footer.tpl on line 39
2015-01-30 11:23:20 - PHP Notice:  Undefined variable: text_follow in D:\xampp\htdocs\intimiti_cn\catalog\view\theme\intimiti\template\common\footer.tpl on line 39
2015-01-30 11:23:43 - PHP Notice:  Undefined variable: text_follow in D:\xampp\htdocs\intimiti_cn\catalog\view\theme\intimiti\template\common\footer.tpl on line 39
2015-01-30 11:23:59 - PHP Notice:  Undefined variable: text_follow in D:\xampp\htdocs\intimiti_cn\catalog\view\theme\intimiti\template\common\footer.tpl on line 39
2015-01-30 11:42:49 - PHP Notice:  Undefined variable: text_follow in D:\xampp\htdocs\intimiti_cn\catalog\view\theme\intimiti\template\common\footer.tpl on line 39
2015-01-30 11:43:32 - PHP Notice:  Undefined variable: text_follow in D:\xampp\htdocs\intimiti_cn\catalog\view\theme\intimiti\template\common\footer.tpl on line 39
2015-01-30 11:45:43 - PHP Notice:  Undefined variable: text_follow in D:\xampp\htdocs\intimiti_cn\catalog\view\theme\intimiti\template\common\footer.tpl on line 39
2015-01-30 11:46:00 - PHP Notice:  Undefined variable: text_follow in D:\xampp\htdocs\intimiti_cn\catalog\view\theme\intimiti\template\common\footer.tpl on line 39
2015-01-30 11:46:34 - PHP Notice:  Undefined variable: text_follow in D:\xampp\htdocs\intimiti_cn\catalog\view\theme\intimiti\template\common\footer.tpl on line 39
2015-01-30 11:47:11 - PHP Notice:  Undefined variable: text_follow in D:\xampp\htdocs\intimiti_cn\catalog\view\theme\intimiti\template\common\footer.tpl on line 39
2015-01-30 11:47:20 - PHP Notice:  Undefined variable: text_follow in D:\xampp\htdocs\intimiti_cn\catalog\view\theme\intimiti\template\common\footer.tpl on line 39
2015-01-30 12:50:33 - PHP Notice:  Undefined variable: text_follow in D:\xampp\htdocs\intimiti_cn\catalog\view\theme\intimiti\template\common\footer.tpl on line 39
2015-01-30 12:50:35 - PHP Notice:  Undefined variable: text_follow in D:\xampp\htdocs\intimiti_cn\catalog\view\theme\intimiti\template\common\footer.tpl on line 39
2015-01-30 12:51:15 - PHP Notice:  Undefined variable: text_follow in D:\xampp\htdocs\intimiti_cn\catalog\view\theme\intimiti\template\common\footer.tpl on line 39
2015-01-30 12:51:23 - PHP Notice:  Undefined variable: text_follow in D:\xampp\htdocs\intimiti_cn\catalog\view\theme\intimiti\template\common\footer.tpl on line 39
2015-01-30 12:52:16 - PHP Notice:  Undefined variable: text_follow in D:\xampp\htdocs\intimiti_cn\catalog\view\theme\intimiti\template\common\footer.tpl on line 39
2015-01-30 13:17:50 - PHP Notice:  Undefined variable: text_follow in D:\xampp\htdocs\intimiti_cn\catalog\view\theme\intimiti\template\common\footer.tpl on line 39
2015-01-30 14:04:14 - PHP Notice:  Undefined variable: text_follow in D:\xampp\htdocs\intimiti_cn\catalog\view\theme\intimiti\template\common\footer.tpl on line 39
2015-01-30 14:21:17 - PHP Notice:  Undefined variable: text_follow in D:\xampp\htdocs\intimiti_cn\catalog\view\theme\intimiti\template\common\footer.tpl on line 39
2015-01-30 14:21:47 - PHP Notice:  Undefined variable: text_follow in D:\xampp\htdocs\intimiti_cn\catalog\view\theme\intimiti\template\common\footer.tpl on line 39
2015-01-30 14:23:05 - PHP Notice:  Undefined variable: text_follow in D:\xampp\htdocs\intimiti_cn\catalog\view\theme\intimiti\template\common\footer.tpl on line 39
2015-01-30 14:23:42 - PHP Notice:  Undefined variable: text_follow in D:\xampp\htdocs\intimiti_cn\catalog\view\theme\intimiti\template\common\footer.tpl on line 39
2015-01-30 14:34:15 - PHP Notice:  Undefined variable: text_follow in D:\xampp\htdocs\intimiti_cn\catalog\view\theme\intimiti\template\common\footer.tpl on line 39
2015-01-30 14:34:44 - PHP Notice:  Undefined variable: text_follow in D:\xampp\htdocs\intimiti_cn\catalog\view\theme\intimiti\template\common\footer.tpl on line 39
2015-01-30 14:35:11 - PHP Notice:  Undefined variable: text_follow in D:\xampp\htdocs\intimiti_cn\catalog\view\theme\intimiti\template\common\footer.tpl on line 39
2015-01-30 14:35:36 - PHP Notice:  Undefined variable: text_follow in D:\xampp\htdocs\intimiti_cn\catalog\view\theme\intimiti\template\common\footer.tpl on line 39
2015-01-30 14:47:19 - PHP Notice:  Undefined variable: text_follow in D:\xampp\htdocs\intimiti_cn\catalog\view\theme\intimiti\template\common\footer.tpl on line 39
2015-01-30 15:06:31 - PHP Notice:  Undefined variable: text_follow in D:\xampp\htdocs\intimiti_cn\catalog\view\theme\intimiti\template\common\footer.tpl on line 39
2015-01-30 15:21:56 - PHP Notice:  Undefined variable: text_follow in D:\xampp\htdocs\intimiti_cn\catalog\view\theme\intimiti\template\common\footer.tpl on line 39
2015-01-30 15:22:14 - PHP Notice:  Undefined variable: text_follow in D:\xampp\htdocs\intimiti_cn\catalog\view\theme\intimiti\template\common\footer.tpl on line 39
2015-01-30 15:22:15 - PHP Notice:  Undefined variable: text_follow in D:\xampp\htdocs\intimiti_cn\catalog\view\theme\intimiti\template\common\footer.tpl on line 39
2015-01-30 15:22:32 - PHP Notice:  Undefined variable: text_follow in D:\xampp\htdocs\intimiti_cn\catalog\view\theme\intimiti\template\common\footer.tpl on line 39
2015-01-30 15:23:01 - PHP Notice:  Undefined variable: text_follow in D:\xampp\htdocs\intimiti_cn\catalog\view\theme\intimiti\template\common\footer.tpl on line 39
2015-01-30 15:23:01 - PHP Notice:  Undefined offset: 1 in D:\xampp\htdocs\intimiti_cn\catalog\view\theme\override\product\chinese.tpl on line 315
2015-01-30 15:23:01 - PHP Notice:  Undefined offset: 1 in D:\xampp\htdocs\intimiti_cn\catalog\view\theme\override\product\chinese.tpl on line 315
2015-01-30 15:23:01 - PHP Notice:  Undefined offset: 1 in D:\xampp\htdocs\intimiti_cn\catalog\view\theme\override\product\chinese.tpl on line 315
2015-01-30 15:23:01 - PHP Notice:  Undefined offset: 1 in D:\xampp\htdocs\intimiti_cn\catalog\view\theme\override\product\chinese.tpl on line 315
2015-01-30 15:23:01 - PHP Notice:  Undefined offset: 1 in D:\xampp\htdocs\intimiti_cn\catalog\view\theme\override\product\chinese.tpl on line 315
2015-01-30 15:23:01 - PHP Notice:  Undefined offset: 1 in D:\xampp\htdocs\intimiti_cn\catalog\view\theme\override\product\chinese.tpl on line 315
2015-01-30 15:23:01 - PHP Notice:  Undefined offset: 1 in D:\xampp\htdocs\intimiti_cn\catalog\view\theme\override\product\chinese.tpl on line 315
2015-01-30 15:23:01 - PHP Notice:  Undefined offset: 1 in D:\xampp\htdocs\intimiti_cn\catalog\view\theme\override\product\chinese.tpl on line 315
2015-01-30 15:23:01 - PHP Notice:  Undefined offset: 1 in D:\xampp\htdocs\intimiti_cn\catalog\view\theme\override\product\chinese.tpl on line 315
2015-01-30 15:23:01 - PHP Notice:  Undefined offset: 1 in D:\xampp\htdocs\intimiti_cn\catalog\view\theme\override\product\chinese.tpl on line 315
2015-01-30 15:23:46 - PHP Notice:  Undefined variable: text_follow in D:\xampp\htdocs\intimiti_cn\catalog\view\theme\intimiti\template\common\footer.tpl on line 39
2015-01-30 15:35:30 - PHP Notice:  Undefined variable: categories in D:\xampp\htdocs\intimiti_cn\catalog\view\theme\intimiti\template\common\footer.tpl on line 5
2015-01-30 15:35:30 - PHP Notice:  Undefined variable: categories in D:\xampp\htdocs\intimiti_cn\catalog\view\theme\intimiti\template\common\footer.tpl on line 7
2015-01-30 15:35:30 - PHP Notice:  Undefined variable: categories in D:\xampp\htdocs\intimiti_cn\catalog\view\theme\intimiti\template\common\footer.tpl on line 7
2015-01-30 15:35:30 - PHP Notice:  Undefined variable: categories in D:\xampp\htdocs\intimiti_cn\catalog\view\theme\intimiti\template\common\footer.tpl on line 7
2015-01-30 15:35:30 - PHP Warning:  Division by zero in D:\xampp\htdocs\intimiti_cn\catalog\view\theme\intimiti\template\common\footer.tpl on line 7
2015-01-30 15:35:30 - PHP Warning:  array_chunk() expects parameter 1 to be array, null given in D:\xampp\htdocs\intimiti_cn\catalog\view\theme\intimiti\template\common\footer.tpl on line 7
2015-01-30 15:35:30 - PHP Warning:  Invalid argument supplied for foreach() in D:\xampp\htdocs\intimiti_cn\catalog\view\theme\intimiti\template\common\footer.tpl on line 7
2015-01-30 15:35:30 - PHP Notice:  Undefined variable: text_follow in D:\xampp\htdocs\intimiti_cn\catalog\view\theme\intimiti\template\common\footer.tpl on line 39
2015-01-30 15:35:30 - PHP Notice:  Undefined variable: informations in D:\xampp\htdocs\intimiti_cn\catalog\view\theme\intimiti\template\common\header.tpl on line 125
2015-01-30 15:35:30 - PHP Notice:  Undefined variable: informations in D:\xampp\htdocs\intimiti_cn\catalog\view\theme\intimiti\template\common\header.tpl on line 125
2015-01-30 15:35:30 - PHP Notice:  Undefined variable: informations in D:\xampp\htdocs\intimiti_cn\catalog\view\theme\intimiti\template\common\header.tpl on line 126
2015-01-30 15:35:30 - PHP Notice:  Undefined variable: informations in D:\xampp\htdocs\intimiti_cn\catalog\view\theme\intimiti\template\common\header.tpl on line 126
2015-01-30 15:35:30 - PHP Notice:  Undefined variable: informations in D:\xampp\htdocs\intimiti_cn\catalog\view\theme\intimiti\template\common\header.tpl on line 127
2015-01-30 15:35:30 - PHP Notice:  Undefined variable: informations in D:\xampp\htdocs\intimiti_cn\catalog\view\theme\intimiti\template\common\header.tpl on line 127
2015-01-30 15:35:30 - PHP Notice:  Undefined variable: text_contact in D:\xampp\htdocs\intimiti_cn\catalog\view\theme\intimiti\template\common\header.tpl on line 128
2015-01-30 15:38:46 - PHP Notice:  Undefined variable: categories in D:\xampp\htdocs\intimiti_cn\catalog\view\theme\intimiti\template\common\footer.tpl on line 5
2015-01-30 15:38:46 - PHP Notice:  Undefined variable: categories in D:\xampp\htdocs\intimiti_cn\catalog\view\theme\intimiti\template\common\footer.tpl on line 7
2015-01-30 15:38:46 - PHP Notice:  Undefined variable: categories in D:\xampp\htdocs\intimiti_cn\catalog\view\theme\intimiti\template\common\footer.tpl on line 7
2015-01-30 15:38:46 - PHP Notice:  Undefined variable: categories in D:\xampp\htdocs\intimiti_cn\catalog\view\theme\intimiti\template\common\footer.tpl on line 7
2015-01-30 15:38:46 - PHP Warning:  Division by zero in D:\xampp\htdocs\intimiti_cn\catalog\view\theme\intimiti\template\common\footer.tpl on line 7
2015-01-30 15:38:46 - PHP Warning:  array_chunk() expects parameter 1 to be array, null given in D:\xampp\htdocs\intimiti_cn\catalog\view\theme\intimiti\template\common\footer.tpl on line 7
2015-01-30 15:38:46 - PHP Warning:  Invalid argument supplied for foreach() in D:\xampp\htdocs\intimiti_cn\catalog\view\theme\intimiti\template\common\footer.tpl on line 7
2015-01-30 15:38:46 - PHP Notice:  Undefined variable: text_follow in D:\xampp\htdocs\intimiti_cn\catalog\view\theme\intimiti\template\common\footer.tpl on line 39
2015-01-30 15:38:46 - PHP Notice:  Undefined variable: informations in D:\xampp\htdocs\intimiti_cn\catalog\view\theme\intimiti\template\common\header.tpl on line 125
2015-01-30 15:38:46 - PHP Notice:  Undefined variable: informations in D:\xampp\htdocs\intimiti_cn\catalog\view\theme\intimiti\template\common\header.tpl on line 125
2015-01-30 15:38:46 - PHP Notice:  Undefined variable: informations in D:\xampp\htdocs\intimiti_cn\catalog\view\theme\intimiti\template\common\header.tpl on line 126
2015-01-30 15:38:46 - PHP Notice:  Undefined variable: informations in D:\xampp\htdocs\intimiti_cn\catalog\view\theme\intimiti\template\common\header.tpl on line 126
2015-01-30 15:38:46 - PHP Notice:  Undefined variable: informations in D:\xampp\htdocs\intimiti_cn\catalog\view\theme\intimiti\template\common\header.tpl on line 127
2015-01-30 15:38:46 - PHP Notice:  Undefined variable: informations in D:\xampp\htdocs\intimiti_cn\catalog\view\theme\intimiti\template\common\header.tpl on line 127
2015-01-30 15:38:46 - PHP Notice:  Undefined variable: text_contact in D:\xampp\htdocs\intimiti_cn\catalog\view\theme\intimiti\template\common\header.tpl on line 128
2015-01-30 15:41:07 - PHP Notice:  Undefined variable: categories in D:\xampp\htdocs\intimiti_cn\catalog\view\theme\intimiti\template\common\footer.tpl on line 5
2015-01-30 15:41:07 - PHP Notice:  Undefined variable: categories in D:\xampp\htdocs\intimiti_cn\catalog\view\theme\intimiti\template\common\footer.tpl on line 7
2015-01-30 15:41:07 - PHP Notice:  Undefined variable: categories in D:\xampp\htdocs\intimiti_cn\catalog\view\theme\intimiti\template\common\footer.tpl on line 7
2015-01-30 15:41:07 - PHP Notice:  Undefined variable: categories in D:\xampp\htdocs\intimiti_cn\catalog\view\theme\intimiti\template\common\footer.tpl on line 7
2015-01-30 15:41:07 - PHP Warning:  Division by zero in D:\xampp\htdocs\intimiti_cn\catalog\view\theme\intimiti\template\common\footer.tpl on line 7
2015-01-30 15:41:07 - PHP Warning:  array_chunk() expects parameter 1 to be array, null given in D:\xampp\htdocs\intimiti_cn\catalog\view\theme\intimiti\template\common\footer.tpl on line 7
2015-01-30 15:41:07 - PHP Warning:  Invalid argument supplied for foreach() in D:\xampp\htdocs\intimiti_cn\catalog\view\theme\intimiti\template\common\footer.tpl on line 7
2015-01-30 15:41:07 - PHP Notice:  Undefined variable: text_follow in D:\xampp\htdocs\intimiti_cn\catalog\view\theme\intimiti\template\common\footer.tpl on line 39
2015-01-30 15:41:07 - PHP Notice:  Undefined variable: informations in D:\xampp\htdocs\intimiti_cn\catalog\view\theme\intimiti\template\common\header.tpl on line 125
2015-01-30 15:41:07 - PHP Notice:  Undefined variable: informations in D:\xampp\htdocs\intimiti_cn\catalog\view\theme\intimiti\template\common\header.tpl on line 125
2015-01-30 15:41:07 - PHP Notice:  Undefined variable: informations in D:\xampp\htdocs\intimiti_cn\catalog\view\theme\intimiti\template\common\header.tpl on line 126
2015-01-30 15:41:07 - PHP Notice:  Undefined variable: informations in D:\xampp\htdocs\intimiti_cn\catalog\view\theme\intimiti\template\common\header.tpl on line 126
2015-01-30 15:41:07 - PHP Notice:  Undefined variable: informations in D:\xampp\htdocs\intimiti_cn\catalog\view\theme\intimiti\template\common\header.tpl on line 127
2015-01-30 15:41:07 - PHP Notice:  Undefined variable: informations in D:\xampp\htdocs\intimiti_cn\catalog\view\theme\intimiti\template\common\header.tpl on line 127
2015-01-30 15:41:07 - PHP Notice:  Undefined variable: text_contact in D:\xampp\htdocs\intimiti_cn\catalog\view\theme\intimiti\template\common\header.tpl on line 128
2015-01-30 15:41:30 - PHP Notice:  Undefined variable: text_follow in D:\xampp\htdocs\intimiti_cn\catalog\view\theme\intimiti\template\common\footer.tpl on line 39
2015-01-30 15:42:39 - PHP Notice:  Undefined variable: text_follow in D:\xampp\htdocs\intimiti_cn\catalog\view\theme\intimiti\template\common\footer.tpl on line 39
2015-01-30 15:42:39 - PHP Notice:  Array to string conversion in D:\xampp\htdocs\intimiti_cn\catalog\view\theme\override\product\chinese.tpl on line 315
2015-01-30 15:42:39 - PHP Notice:  Array to string conversion in D:\xampp\htdocs\intimiti_cn\catalog\view\theme\override\product\chinese.tpl on line 315
2015-01-30 15:42:39 - PHP Notice:  Array to string conversion in D:\xampp\htdocs\intimiti_cn\catalog\view\theme\override\product\chinese.tpl on line 315
2015-01-30 15:42:39 - PHP Notice:  Array to string conversion in D:\xampp\htdocs\intimiti_cn\catalog\view\theme\override\product\chinese.tpl on line 315
2015-01-30 15:42:39 - PHP Notice:  Array to string conversion in D:\xampp\htdocs\intimiti_cn\catalog\view\theme\override\product\chinese.tpl on line 315
2015-01-30 15:44:15 - PHP Notice:  Undefined variable: text_follow in D:\xampp\htdocs\intimiti_cn\catalog\view\theme\intimiti\template\common\footer.tpl on line 39
2015-01-30 15:45:24 - PHP Notice:  Undefined variable: text_follow in D:\xampp\htdocs\intimiti_cn\catalog\view\theme\intimiti\template\common\footer.tpl on line 39
2015-01-30 15:46:02 - PHP Notice:  Undefined variable: text_follow in D:\xampp\htdocs\intimiti_cn\catalog\view\theme\intimiti\template\common\footer.tpl on line 39
2015-01-30 15:46:28 - PHP Notice:  Undefined variable: text_follow in D:\xampp\htdocs\intimiti_cn\catalog\view\theme\intimiti\template\common\footer.tpl on line 39
2015-01-30 15:46:59 - PHP Notice:  Undefined variable: text_follow in D:\xampp\htdocs\intimiti_cn\catalog\view\theme\intimiti\template\common\footer.tpl on line 39
2015-01-30 15:47:18 - PHP Notice:  Undefined variable: text_follow in D:\xampp\htdocs\intimiti_cn\catalog\view\theme\intimiti\template\common\footer.tpl on line 39
2015-01-30 16:00:48 - PHP Notice:  Undefined variable: text_follow in D:\xampp\htdocs\intimiti_cn\catalog\view\theme\intimiti\template\common\footer.tpl on line 39
2015-01-30 16:01:17 - PHP Notice:  Undefined variable: text_follow in D:\xampp\htdocs\intimiti_cn\catalog\view\theme\intimiti\template\common\footer.tpl on line 39
2015-01-30 16:04:26 - PHP Notice:  Undefined variable: text_follow in D:\xampp\htdocs\intimiti_cn\catalog\view\theme\intimiti\template\common\footer.tpl on line 39
2015-01-30 16:07:10 - PHP Notice:  Undefined variable: text_follow in D:\xampp\htdocs\intimiti_cn\catalog\view\theme\intimiti\template\common\footer.tpl on line 39
2015-01-30 16:09:10 - PHP Notice:  Undefined variable: text_follow in D:\xampp\htdocs\intimiti_cn\catalog\view\theme\intimiti\template\common\footer.tpl on line 39
2015-01-30 16:10:22 - PHP Notice:  Undefined variable: text_follow in D:\xampp\htdocs\intimiti_cn\catalog\view\theme\intimiti\template\common\footer.tpl on line 39
2015-01-30 16:11:38 - PHP Notice:  Undefined variable: text_follow in D:\xampp\htdocs\intimiti_cn\catalog\view\theme\intimiti\template\common\footer.tpl on line 39
2015-01-30 16:16:13 - PHP Notice:  Undefined variable: text_follow in D:\xampp\htdocs\intimiti_cn\catalog\view\theme\intimiti\template\common\footer.tpl on line 39
2015-01-30 16:16:37 - PHP Notice:  Undefined variable: text_follow in D:\xampp\htdocs\intimiti_cn\catalog\view\theme\intimiti\template\common\footer.tpl on line 39
2015-01-30 16:17:20 - PHP Notice:  Undefined variable: text_follow in D:\xampp\htdocs\intimiti_cn\catalog\view\theme\intimiti\template\common\footer.tpl on line 39
2015-01-30 16:18:13 - PHP Notice:  Undefined variable: text_follow in D:\xampp\htdocs\intimiti_cn\catalog\view\theme\intimiti\template\common\footer.tpl on line 39
2015-01-30 16:19:03 - PHP Notice:  Undefined variable: text_follow in D:\xampp\htdocs\intimiti_cn\catalog\view\theme\intimiti\template\common\footer.tpl on line 39
2015-01-30 16:19:52 - PHP Notice:  Undefined variable: text_follow in D:\xampp\htdocs\intimiti_cn\catalog\view\theme\intimiti\template\common\footer.tpl on line 39
2015-01-30 16:20:30 - PHP Notice:  Undefined variable: text_follow in D:\xampp\htdocs\intimiti_cn\catalog\view\theme\intimiti\template\common\footer.tpl on line 39
2015-01-30 16:20:31 - PHP Notice:  Undefined variable: text_follow in D:\xampp\htdocs\intimiti_cn\catalog\view\theme\intimiti\template\common\footer.tpl on line 39
2015-01-30 16:21:24 - PHP Notice:  Undefined variable: text_follow in D:\xampp\htdocs\intimiti_cn\catalog\view\theme\intimiti\template\common\footer.tpl on line 39
2015-01-30 16:21:55 - PHP Notice:  Undefined variable: text_follow in D:\xampp\htdocs\intimiti_cn\catalog\view\theme\intimiti\template\common\footer.tpl on line 39
2015-01-30 16:24:47 - PHP Notice:  Undefined variable: text_follow in D:\xampp\htdocs\intimiti_cn\catalog\view\theme\intimiti\template\common\footer.tpl on line 39
2015-01-30 16:26:02 - PHP Notice:  Undefined variable: text_follow in D:\xampp\htdocs\intimiti_cn\catalog\view\theme\intimiti\template\common\footer.tpl on line 39
2015-01-30 17:40:48 - PHP Notice:  Undefined variable: text_follow in D:\xampp\htdocs\intimiti_cn\catalog\view\theme\intimiti\template\common\footer.tpl on line 39
2015-01-30 17:44:33 - PHP Notice:  Undefined variable: text_follow in D:\xampp\htdocs\intimiti_cn\catalog\view\theme\intimiti\template\common\footer.tpl on line 39
2015-01-30 17:48:42 - PHP Notice:  Undefined variable: text_follow in D:\xampp\htdocs\intimiti_cn\catalog\view\theme\intimiti\template\common\footer.tpl on line 39
2015-01-30 17:52:28 - PHP Notice:  Undefined variable: text_follow in D:\xampp\htdocs\intimiti_cn\catalog\view\theme\intimiti\template\common\footer.tpl on line 39
2015-01-30 17:52:43 - PHP Notice:  Undefined variable: text_follow in D:\xampp\htdocs\intimiti_cn\catalog\view\theme\intimiti\template\common\footer.tpl on line 39
2015-01-30 17:53:00 - PHP Notice:  Undefined variable: text_follow in D:\xampp\htdocs\intimiti_cn\catalog\view\theme\intimiti\template\common\footer.tpl on line 39
2015-01-30 17:53:10 - PHP Notice:  Undefined variable: text_follow in D:\xampp\htdocs\intimiti_cn\catalog\view\theme\intimiti\template\common\footer.tpl on line 39
2015-01-30 17:53:15 - PHP Notice:  Undefined variable: text_follow in D:\xampp\htdocs\intimiti_cn\catalog\view\theme\intimiti\template\common\footer.tpl on line 39
2015-01-30 17:56:30 - PHP Notice:  Undefined variable: text_follow in D:\xampp\htdocs\intimiti_cn\catalog\view\theme\intimiti\template\common\footer.tpl on line 39
2015-01-30 17:56:50 - PHP Notice:  Undefined variable: text_follow in D:\xampp\htdocs\intimiti_cn\catalog\view\theme\intimiti\template\common\footer.tpl on line 39
2015-01-30 17:57:42 - PHP Notice:  Undefined variable: text_follow in D:\xampp\htdocs\intimiti_cn\catalog\view\theme\intimiti\template\common\footer.tpl on line 39
2015-01-30 17:57:53 - PHP Notice:  Undefined variable: text_follow in D:\xampp\htdocs\intimiti_cn\catalog\view\theme\intimiti\template\common\footer.tpl on line 39
2015-01-30 17:57:55 - PHP Notice:  Undefined variable: text_follow in D:\xampp\htdocs\intimiti_cn\catalog\view\theme\intimiti\template\common\footer.tpl on line 39
2015-01-30 17:57:56 - PHP Notice:  Undefined variable: text_follow in D:\xampp\htdocs\intimiti_cn\catalog\view\theme\intimiti\template\common\footer.tpl on line 39
2015-01-30 17:58:12 - PHP Notice:  Undefined variable: text_follow in D:\xampp\htdocs\intimiti_cn\catalog\view\theme\intimiti\template\common\footer.tpl on line 39
2015-01-30 17:59:19 - PHP Notice:  Undefined variable: text_follow in D:\xampp\htdocs\intimiti_cn\catalog\view\theme\intimiti\template\common\footer.tpl on line 39
2015-01-30 17:59:21 - PHP Notice:  Undefined variable: text_follow in D:\xampp\htdocs\intimiti_cn\catalog\view\theme\intimiti\template\common\footer.tpl on line 39
2015-01-30 18:00:04 - PHP Notice:  Undefined variable: text_follow in D:\xampp\htdocs\intimiti_cn\catalog\view\theme\intimiti\template\common\footer.tpl on line 39
2015-01-30 18:02:40 - PHP Notice:  Undefined variable: text_follow in D:\xampp\htdocs\intimiti_cn\catalog\view\theme\intimiti\template\common\footer.tpl on line 39
2015-01-30 18:02:42 - PHP Notice:  Undefined variable: text_follow in D:\xampp\htdocs\intimiti_cn\catalog\view\theme\intimiti\template\common\footer.tpl on line 39
2015-01-30 18:05:08 - PHP Notice:  Undefined variable: text_follow in D:\xampp\htdocs\intimiti_cn\catalog\view\theme\intimiti\template\common\footer.tpl on line 39
2015-01-30 18:05:56 - PHP Notice:  Undefined variable: text_follow in D:\xampp\htdocs\intimiti_cn\catalog\view\theme\intimiti\template\common\footer.tpl on line 39
2015-01-30 18:06:50 - PHP Notice:  Undefined variable: text_follow in D:\xampp\htdocs\intimiti_cn\catalog\view\theme\intimiti\template\common\footer.tpl on line 39
2015-01-30 18:07:40 - PHP Notice:  Undefined variable: text_follow in D:\xampp\htdocs\intimiti_cn\catalog\view\theme\intimiti\template\common\footer.tpl on line 39
2015-01-30 18:07:52 - PHP Notice:  Undefined variable: text_follow in D:\xampp\htdocs\intimiti_cn\catalog\view\theme\intimiti\template\common\footer.tpl on line 39
2015-01-30 18:08:51 - PHP Notice:  Undefined variable: text_follow in D:\xampp\htdocs\intimiti_cn\catalog\view\theme\intimiti\template\common\footer.tpl on line 39
2015-01-31 5:38:28 - PHP Notice:  Undefined variable: text_follow in D:\xampp\htdocs\intimiti_cn\catalog\view\theme\intimiti\template\common\footer.tpl on line 39
2015-01-31 5:38:37 - PHP Notice:  Undefined variable: text_follow in D:\xampp\htdocs\intimiti_cn\catalog\view\theme\intimiti\template\common\footer.tpl on line 39
2015-01-31 5:41:34 - PHP Notice:  Undefined variable: text_follow in D:\xampp\htdocs\intimiti_cn\catalog\view\theme\intimiti\template\common\footer.tpl on line 39
2015-01-31 5:41:56 - PHP Notice:  Undefined variable: text_follow in D:\xampp\htdocs\intimiti_cn\catalog\view\theme\intimiti\template\common\footer.tpl on line 39
2015-01-31 5:41:58 - PHP Notice:  Undefined variable: text_follow in D:\xampp\htdocs\intimiti_cn\catalog\view\theme\intimiti\template\common\footer.tpl on line 39
2015-01-31 5:46:56 - PHP Notice:  Undefined variable: text_follow in D:\xampp\htdocs\intimiti_cn\catalog\view\theme\intimiti\template\common\footer.tpl on line 39
2015-01-31 5:47:10 - PHP Notice:  Undefined variable: text_follow in D:\xampp\htdocs\intimiti_cn\catalog\view\theme\intimiti\template\common\footer.tpl on line 39
2015-01-31 5:47:18 - PHP Notice:  Undefined variable: text_follow in D:\xampp\htdocs\intimiti_cn\catalog\view\theme\intimiti\template\common\footer.tpl on line 39
2015-01-31 5:53:36 - PHP Notice:  Undefined variable: text_follow in D:\xampp\htdocs\intimiti_cn\catalog\view\theme\intimiti\template\common\footer.tpl on line 39
2015-01-31 5:53:42 - PHP Notice:  Undefined variable: text_follow in D:\xampp\htdocs\intimiti_cn\catalog\view\theme\intimiti\template\common\footer.tpl on line 39
2015-01-31 5:53:46 - PHP Notice:  Undefined variable: text_follow in D:\xampp\htdocs\intimiti_cn\catalog\view\theme\intimiti\template\common\footer.tpl on line 39
2015-01-31 5:53:48 - PHP Notice:  Undefined variable: text_follow in D:\xampp\htdocs\intimiti_cn\catalog\view\theme\intimiti\template\common\footer.tpl on line 39
2015-01-31 5:53:51 - PHP Notice:  Undefined variable: text_follow in D:\xampp\htdocs\intimiti_cn\catalog\view\theme\intimiti\template\common\footer.tpl on line 39
2015-01-31 5:53:52 - PHP Notice:  Undefined variable: text_follow in D:\xampp\htdocs\intimiti_cn\catalog\view\theme\intimiti\template\common\footer.tpl on line 39
2015-01-31 5:58:38 - PHP Notice:  Undefined variable: text_follow in D:\xampp\htdocs\intimiti_cn\catalog\view\theme\intimiti\template\common\footer.tpl on line 39
2015-01-31 5:58:40 - PHP Notice:  Undefined variable: text_follow in D:\xampp\htdocs\intimiti_cn\catalog\view\theme\intimiti\template\common\footer.tpl on line 39
2015-02-01 4:31:38 - PHP Warning:  Cannot modify header information - headers already sent by (output started at /home/intimiti/public_html/china/admin/language/chinese/payment/alipay.php:1) in /home/intimiti/public_html/china/system/library/response.php on line 12
2015-02-07 15:41:23 - PHP Notice:  Undefined offset: 8 in /home/intimiti/public_html/china/catalog/view/theme/intimiti/template/common/header.tpl on line 132
2015-02-07 15:41:23 - PHP Notice:  Undefined offset: 8 in /home/intimiti/public_html/china/catalog/view/theme/intimiti/template/common/header.tpl on line 132
2015-02-17 2:06:33 - PHP Notice:  Undefined variable: text_processing in G:\xampp\htdocs\china\admin\view\template\sale\order_list.tpl on line 1
2015-02-17 2:07:43 - PHP Notice:  Undefined variable: text_processing in G:\xampp\htdocs\china\admin\view\template\sale\order_list.tpl on line 3
2015-02-17 2:09:18 - PHP Notice:  Undefined variable: text_processing in G:\xampp\htdocs\china\admin\view\template\sale\order_list.tpl on line 3
2015-02-17 2:20:47 - PHP Notice:  Undefined variable: text_processing in G:\xampp\htdocs\china\admin\view\template\sale\order_list.tpl on line 3
2015-02-17 2:45:58 - PHP Notice:  Undefined variable: text_subscription in G:\xampp\htdocs\china\admin\view\template\sale\order_list.tpl on line 146
2015-02-17 4:06:15 - PHP Notice:  Undefined offset: 10 in G:\xampp\htdocs\china\admin\view\template\sale\order_manager.tpl on line 364
2015-02-17 4:06:15 - PHP Notice:  Undefined offset: 10 in G:\xampp\htdocs\china\admin\view\template\sale\order_manager.tpl on line 364
2015-02-17 4:07:49 - PHP Notice:  Undefined offset: 10 in G:\xampp\htdocs\china\admin\view\template\sale\order_manager.tpl on line 365
2015-02-17 4:07:49 - PHP Notice:  Undefined offset: 10 in G:\xampp\htdocs\china\admin\view\template\sale\order_manager.tpl on line 365
2015-02-17 4:09:51 - PHP Notice:  Undefined offset: 10 in G:\xampp\htdocs\china\admin\view\template\sale\order_manager.tpl on line 365
2015-02-17 4:09:51 - PHP Notice:  Undefined offset: 10 in G:\xampp\htdocs\china\admin\view\template\sale\order_manager.tpl on line 365
2015-02-17 4:10:38 - PHP Notice:  Undefined offset: 10 in G:\xampp\htdocs\china\admin\view\template\sale\order_manager.tpl on line 365
2015-02-17 4:10:38 - PHP Notice:  Undefined offset: 10 in G:\xampp\htdocs\china\admin\view\template\sale\order_manager.tpl on line 365
2015-02-17 4:11:00 - PHP Notice:  Undefined offset: 10 in G:\xampp\htdocs\china\admin\view\template\sale\order_manager.tpl on line 365
2015-02-17 4:11:00 - PHP Notice:  Undefined offset: 10 in G:\xampp\htdocs\china\admin\view\template\sale\order_manager.tpl on line 365
2015-02-17 4:11:17 - PHP Notice:  Undefined offset: 10 in G:\xampp\htdocs\china\admin\view\template\sale\order_manager.tpl on line 365
2015-02-17 4:11:17 - PHP Notice:  Undefined offset: 10 in G:\xampp\htdocs\china\admin\view\template\sale\order_manager.tpl on line 365
2015-02-17 4:12:31 - PHP Notice:  Undefined offset: 10 in G:\xampp\htdocs\china\admin\view\template\sale\order_manager.tpl on line 365
2015-02-17 4:12:31 - PHP Notice:  Undefined offset: 10 in G:\xampp\htdocs\china\admin\view\template\sale\order_manager.tpl on line 365
2015-02-17 4:14:16 - PHP Notice:  Undefined offset: 10 in G:\xampp\htdocs\china\admin\view\template\sale\order_manager.tpl on line 367
2015-02-17 4:14:16 - PHP Notice:  Undefined offset: 10 in G:\xampp\htdocs\china\admin\view\template\sale\order_manager.tpl on line 367
2015-02-17 4:15:02 - PHP Notice:  Undefined offset: 10 in G:\xampp\htdocs\china\admin\view\template\sale\order_manager.tpl on line 369
2015-02-17 4:15:02 - PHP Notice:  Undefined offset: 10 in G:\xampp\htdocs\china\admin\view\template\sale\order_manager.tpl on line 369
2015-02-17 5:08:41 - PHP Notice:  Undefined variable: text_process in G:\xampp\htdocs\china\admin\view\template\sale\order_manager.tpl on line 352
